<?xml version="1.0" encoding="UTF-8"?>
<testng-results ignored="0" total="1" passed="1" failed="0" skipped="0">
  <reporter-output>
  </reporter-output>
  <suite started-at="2024-02-06T04:50:05 GMT" name="Default suite" finished-at="2024-02-06T04:50:05 GMT" duration-ms="73">
    <groups>
    </groups>
    <test started-at="2024-02-06T04:50:05 GMT" name="Default test" finished-at="2024-02-06T04:50:05 GMT" duration-ms="73">
      <class name="Practice1.UsingPropertiesTest">
        <test-method signature="TestCase1()[pri:0, instance:Practice1.UsingPropertiesTest@82de64a]" started-at="2024-02-06T04:50:05 GMT" name="TestCase1" finished-at="2024-02-06T04:50:05 GMT" duration-ms="12" status="PASS">
          <reporter-output>
          </reporter-output>
        </test-method> <!-- TestCase1 -->
      </class> <!-- Practice1.UsingPropertiesTest -->
    </test> <!-- Default test -->
  </suite> <!-- Default suite -->
</testng-results>
